# JRE version: OpenJDK Runtime Environment (8.0_144-b01) (build 1.8.0_144-b01)
# Java VM: OpenJDK 64-Bit Server VM (25.144-b01 mixed mode linux-amd64 compressed oops)
Heap:
 garbage-first heap   total 288768K, used 141311K [0x00000000c0000000, 0x00000000c01008d0, 0x0000000100000000)
  region size 1024K, 21 young (21504K), 11 survivors (11264K)
 Metaspace       used 93604K, capacity 104068K, committed 104320K, reserved 1140736K
  class space    used 10928K, capacity 13693K, committed 13696K, reserved 1048576K
GC Heap History (10 events):
Event: 165.391 GC heap before
{Heap before GC invocations=35 (full 0):
 garbage-first heap   total 288768K, used 252323K [0x00000000c0000000, 0x00000000c01008d0, 0x0000000100000000)
  region size 1024K, 129 young (132096K), 2 survivors (2048K)
 Metaspace       used 91784K, capacity 102060K, committed 102272K, reserved 1138688K
  class space    used 10776K, capacity 13611K, committed 13696K, reserved 1048576K
Event: 165.396 GC heap after
Heap after GC invocations=36 (full 0):
 garbage-first heap   total 288768K, used 123015K [0x00000000c0000000, 0x00000000c01008d0, 0x0000000100000000)
  region size 1024K, 3 young (3072K), 3 survivors (3072K)
 Metaspace       used 91784K, capacity 102060K, committed 102272K, reserved 1138688K
  class space    used 10776K, capacity 13611K, committed 13696K, reserved 1048576K
}
Event: 165.750 GC heap before
{Heap before GC invocations=36 (full 0):
 garbage-first heap   total 288768K, used 253063K [0x00000000c0000000, 0x00000000c01008d0, 0x0000000100000000)
  region size 1024K, 130 young (133120K), 3 survivors (3072K)
 Metaspace       used 91810K, capacity 102124K, committed 102272K, reserved 1138688K
  class space    used 10778K, capacity 13611K, committed 13696K, reserved 1048576K
Event: 165.754 GC heap after
Heap after GC invocations=37 (full 0):
 garbage-first heap   total 288768K, used 123224K [0x00000000c0000000, 0x00000000c01008d0, 0x0000000100000000)
  region size 1024K, 3 young (3072K), 3 survivors (3072K)
 Metaspace       used 91810K, capacity 102124K, committed 102272K, reserved 1138688K
  class space    used 10778K, capacity 13611K, committed 13696K, reserved 1048576K
}
Event: 166.094 GC heap before
{Heap before GC invocations=37 (full 0):
 garbage-first heap   total 288768K, used 254296K [0x00000000c0000000, 0x00000000c01008d0, 0x0000000100000000)
  region size 1024K, 131 young (134144K), 3 survivors (3072K)
 Metaspace       used 91829K, capacity 102124K, committed 102272K, reserved 1138688K
  class space    used 10780K, capacity 13611K, committed 13696K, reserved 1048576K
Event: 166.100 GC heap after
Heap after GC invocations=38 (full 0):
 garbage-first heap   total 288768K, used 123454K [0x00000000c0000000, 0x00000000c01008d0, 0x0000000100000000)
  region size 1024K, 3 young (3072K), 3 survivors (3072K)
 Metaspace       used 91829K, capacity 102124K, committed 102272K, reserved 1138688K
  class space    used 10780K, capacity 13611K, committed 13696K, reserved 1048576K
}
Event: 166.502 GC heap before
{Heap before GC invocations=38 (full 0):
 garbage-first heap   total 288768K, used 254526K [0x00000000c0000000, 0x00000000c01008d0, 0x0000000100000000)
  region size 1024K, 131 young (134144K), 3 survivors (3072K)
 Metaspace       used 92132K, capacity 102444K, committed 102784K, reserved 1138688K
  class space    used 10784K, capacity 13611K, committed 13696K, reserved 1048576K
Event: 166.509 GC heap after
Heap after GC invocations=39 (full 0):
 garbage-first heap   total 288768K, used 130789K [0x00000000c0000000, 0x00000000c01008d0, 0x0000000100000000)
  region size 1024K, 10 young (10240K), 10 survivors (10240K)
 Metaspace       used 92132K, capacity 102444K, committed 102784K, reserved 1138688K
  class space    used 10784K, capacity 13611K, committed 13696K, reserved 1048576K
}
Event: 171.831 GC heap before
{Heap before GC invocations=39 (full 0):
 garbage-first heap   total 288768K, used 248549K [0x00000000c0000000, 0x00000000c01008d0, 0x0000000100000000)
  region size 1024K, 125 young (128000K), 10 survivors (10240K)
 Metaspace       used 93494K, capacity 103940K, committed 104064K, reserved 1140736K
  class space    used 10919K, capacity 13693K, committed 13696K, reserved 1048576K
Event: 171.844 GC heap after
Heap after GC invocations=40 (full 0):
 garbage-first heap   total 288768K, used 132095K [0x00000000c0000000, 0x00000000c01008d0, 0x0000000100000000)
  region size 1024K, 11 young (11264K), 11 survivors (11264K)
 Metaspace       used 93494K, capacity 103940K, committed 104064K, reserved 1140736K
  class space    used 10919K, capacity 13693K, committed 13696K, reserved 1048576K
}

